SF:contracts/contracts/agent-registry/src/events.rs
FN:36,_RNvNtCslkHat7m0FTk_14agent_registry6events11emit_update
FN:28,_RNvNtCslkHat7m0FTk_14agent_registry6events13emit_register
FN:40,_RNvNtCslkHat7m0FTk_14agent_registry6events15emit_deactivate
FNDA:1,_RNvNtCslkHat7m0FTk_14agent_registry6events11emit_update
FNDA:12,_RNvNtCslkHat7m0FTk_14agent_registry6events13emit_register
FNDA:2,_RNvNtCslkHat7m0FTk_14agent_registry6events15emit_deactivate
FNF:3
FNH:3
DA:28,12
DA:29,12
DA:30,12
DA:31,12
DA:32,12
DA:33,12
DA:34,12
DA:36,1
DA:37,1
DA:38,1
DA:40,2
DA:41,2
DA:42,2
BRF:0
BRH:0
LF:13
LH:13
end_of_record
SF:contracts/contracts/agent-registry/src/lib.rs
FN:21,_RNvCslkHat7m0FTk_14agent_registry12validate_len
FN:33,_RNvMs3_CslkHat7m0FTk_14agent_registryNtB5_13AgentRegistry10initialize
FN:156,_RNvMs3_CslkHat7m0FTk_14agent_registryNtB5_13AgentRegistry11agent_count
FN:100,_RNvMs3_CslkHat7m0FTk_14agent_registryNtB5_13AgentRegistry12update_agent
FN:50,_RNvMs3_CslkHat7m0FTk_14agent_registryNtB5_13AgentRegistry14register_agent
FN:127,_RNvMs3_CslkHat7m0FTk_14agent_registryNtB5_13AgentRegistry16deactivate_agent
FN:150,_RNvMs3_CslkHat7m0FTk_14agent_registryNtB5_13AgentRegistry19get_agent_by_wallet
FN:162,_RNvMs3_CslkHat7m0FTk_14agent_registryNtB5_13AgentRegistry7upgrade
FN:170,_RNvMs3_CslkHat7m0FTk_14agent_registryNtB5_13AgentRegistry7version
FN:145,_RNvMs3_CslkHat7m0FTk_14agent_registryNtB5_13AgentRegistry9get_agent
FNDA:41,_RNvCslkHat7m0FTk_14agent_registry12validate_len
FNDA:22,_RNvMs3_CslkHat7m0FTk_14agent_registryNtB5_13AgentRegistry10initialize
FNDA:6,_RNvMs3_CslkHat7m0FTk_14agent_registryNtB5_13AgentRegistry11agent_count
FNDA:2,_RNvMs3_CslkHat7m0FTk_14agent_registryNtB5_13AgentRegistry12update_agent
FNDA:15,_RNvMs3_CslkHat7m0FTk_14agent_registryNtB5_13AgentRegistry14register_agent
FNDA:4,_RNvMs3_CslkHat7m0FTk_14agent_registryNtB5_13AgentRegistry16deactivate_agent
FNDA:2,_RNvMs3_CslkHat7m0FTk_14agent_registryNtB5_13AgentRegistry19get_agent_by_wallet
FNDA:1,_RNvMs3_CslkHat7m0FTk_14agent_registryNtB5_13AgentRegistry7upgrade
FNDA:1,_RNvMs3_CslkHat7m0FTk_14agent_registryNtB5_13AgentRegistry7version
FNDA:4,_RNvMs3_CslkHat7m0FTk_14agent_registryNtB5_13AgentRegistry9get_agent
FNF:10
FNH:10
DA:21,41
DA:22,41
DA:23,41
DA:24,2
DA:25,39
DA:26,39
DA:27,41
DA:33,22
DA:34,22
DA:35,1
DA:36,21
DA:37,21
DA:38,21
DA:39,21
DA:40,21
DA:41,21
DA:42,21
DA:43,22
DA:50,15
DA:51,15
DA:52,15
DA:53,15
DA:54,15
DA:55,15
DA:56,15
DA:58,15
DA:60,15
DA:63,15
DA:64,1
DA:65,14
DA:68,14
DA:69,12
DA:70,12
DA:73,12
DA:74,12
DA:76,12
DA:77,12
DA:78,12
DA:79,12
DA:80,12
DA:81,12
DA:82,12
DA:83,12
DA:84,12
DA:85,12
DA:88,12
DA:89,12
DA:92,12
DA:94,12
DA:95,15
DA:100,2
DA:101,2
DA:102,2
DA:103,2
DA:104,2
DA:105,2
DA:106,2
DA:107,2
DA:108,1
DA:111,1
DA:112,1
DA:113,1
DA:115,1
DA:116,1
DA:117,1
DA:118,1
DA:120,1
DA:121,1
DA:123,1
DA:124,2
DA:127,4
DA:128,4
DA:129,3
DA:131,3
DA:132,1
DA:133,2
DA:135,2
DA:136,2
DA:138,2
DA:139,2
DA:141,2
DA:142,4
DA:145,4
DA:146,4
DA:147,4
DA:150,2
DA:151,2
DA:152,1
DA:153,2
DA:156,6
DA:157,6
DA:158,6
DA:162,1
DA:163,1
DA:164,1
DA:165,1
DA:166,1
DA:167,1
DA:170,1
DA:171,1
DA:172,1
BRF:0
BRH:0
LF:101
LH:101
end_of_record
SF:contracts/contracts/agent-registry/src/storage.rs
FN:35,_RNvNtCslkHat7m0FTk_14agent_registry7storage9has_agent
FN:64,_RNvNtCslkHat7m0FTk_14agent_registry7storage10has_wallet
FN:83,_RNvNtCslkHat7m0FTk_14agent_registry7storage14is_initialized
FN:89,_RNvNtCslkHat7m0FTk_14agent_registry7storage15get_agent_count
FN:56,_RNvNtCslkHat7m0FTk_14agent_registry7storage16set_wallet_agent
FN:96,_RNvNtCslkHat7m0FTk_14agent_registry7storage21increment_agent_count
FN:43,_RNvNtCslkHat7m0FTk_14agent_registry7storage22get_agent_id_by_wallet
FN:72,_RNvNtCslkHat7m0FTk_14agent_registry7storage9get_admin
FN:13,_RNvNtCslkHat7m0FTk_14agent_registry7storage9get_agent
FN:79,_RNvNtCslkHat7m0FTk_14agent_registry7storage9set_admin
FN:26,_RNvNtCslkHat7m0FTk_14agent_registry7storage9set_agent
FNDA:0,_RNvNtCslkHat7m0FTk_14agent_registry7storage9has_agent
FNDA:15,_RNvNtCslkHat7m0FTk_14agent_registry7storage10has_wallet
FNDA:22,_RNvNtCslkHat7m0FTk_14agent_registry7storage14is_initialized
FNDA:18,_RNvNtCslkHat7m0FTk_14agent_registry7storage15get_agent_count
FNDA:12,_RNvNtCslkHat7m0FTk_14agent_registry7storage16set_wallet_agent
FNDA:12,_RNvNtCslkHat7m0FTk_14agent_registry7storage21increment_agent_count
FNDA:2,_RNvNtCslkHat7m0FTk_14agent_registry7storage22get_agent_id_by_wallet
FNDA:16,_RNvNtCslkHat7m0FTk_14agent_registry7storage9get_admin
FNDA:11,_RNvNtCslkHat7m0FTk_14agent_registry7storage9get_agent
FNDA:20,_RNvNtCslkHat7m0FTk_14agent_registry7storage9set_admin
FNDA:15,_RNvNtCslkHat7m0FTk_14agent_registry7storage9set_agent
FNF:11
FNH:10
DA:13,11
DA:14,11
DA:15,11
DA:16,11
DA:17,11
DA:18,11
DA:19,11
DA:20,8
DA:21,8
DA:22,8
DA:23,8
DA:24,11
DA:26,15
DA:27,15
DA:28,15
DA:29,15
DA:30,15
DA:31,15
DA:32,15
DA:35,0
DA:36,0
DA:37,0
DA:38,0
DA:39,0
DA:43,2
DA:44,2
DA:45,2
DA:46,2
DA:47,2
DA:48,2
DA:49,2
DA:50,1
DA:51,1
DA:52,1
DA:53,1
DA:54,2
DA:56,12
DA:57,12
DA:58,12
DA:59,12
DA:60,12
DA:61,12
DA:62,12
DA:64,15
DA:65,15
DA:66,15
DA:67,15
DA:68,15
DA:72,16
DA:73,16
DA:74,16
DA:75,16
DA:76,16
DA:77,16
DA:79,20
DA:80,20
DA:81,20
DA:83,22
DA:84,22
DA:85,22
DA:89,18
DA:90,18
DA:91,18
DA:92,18
DA:93,18
DA:94,18
DA:96,12
DA:97,12
DA:98,12
DA:99,12
DA:100,12
BRF:0
BRH:0
LF:71
LH:66
end_of_record
SF:contracts/contracts/agent-registry/src/test.rs
FN:317,_RNCNvNtCslkHat7m0FTk_14agent_registry4tests_23test_upgrade_admin_only0B5_
FN:22,_RNvNtCslkHat7m0FTk_14agent_registry4test16register_default
FN:11,_RNvNtCslkHat7m0FTk_14agent_registry4test5setup
FN:327,_RNvNtCslkHat7m0FTk_14agent_registry4tests_12test_version
FN:34,_RNvNtCslkHat7m0FTk_14agent_registry4tests_15test_initialize
FN:239,_RNvNtCslkHat7m0FTk_14agent_registry4tests_16test_agent_count
FN:137,_RNvNtCslkHat7m0FTk_14agent_registry4tests_17test_update_agent
FN:57,_RNvNtCslkHat7m0FTk_14agent_registry4tests_19test_register_agent
FN:178,_RNvNtCslkHat7m0FTk_14agent_registry4tests_21test_deactivate_agent
FN:165,_RNvNtCslkHat7m0FTk_14agent_registry4tests_21test_update_not_found
FN:305,_RNvNtCslkHat7m0FTk_14agent_registry4tests_23test_upgrade_admin_only
FN:211,_RNvNtCslkHat7m0FTk_14agent_registry4tests_24test_get_agent_by_wallet
FN:223,_RNvNtCslkHat7m0FTk_14agent_registry4tests_24test_get_agent_not_found
FN:191,_RNvNtCslkHat7m0FTk_14agent_registry4tests_25test_deactivate_not_found
FN:255,_RNvNtCslkHat7m0FTk_14agent_registry4tests_25test_register_emits_event
FN:47,_RNvNtCslkHat7m0FTk_14agent_registry4tests_27test_initialize_double_init
FN:277,_RNvNtCslkHat7m0FTk_14agent_registry4tests_27test_register_auth_required
FN:74,_RNvNtCslkHat7m0FTk_14agent_registry4tests_29test_register_multiple_agents
FN:92,_RNvNtCslkHat7m0FTk_14agent_registry4tests_32test_register_already_registered
FN:230,_RNvNtCslkHat7m0FTk_14agent_registry4tests_34test_get_agent_by_wallet_not_found
FN:198,_RNvNtCslkHat7m0FTk_14agent_registry4tests_35test_deactivate_already_deactivated
FN:117,_RNvNtCslkHat7m0FTk_14agent_registry4tests_35test_register_invalid_name_too_long
FN:103,_RNvNtCslkHat7m0FTk_14agent_registry4tests_36test_register_invalid_name_too_short
FNDA:1,_RNCNvNtCslkHat7m0FTk_14agent_registry4tests_23test_upgrade_admin_only0B5_
FNDA:13,_RNvNtCslkHat7m0FTk_14agent_registry4test16register_default
FNDA:18,_RNvNtCslkHat7m0FTk_14agent_registry4test5setup
FNDA:1,_RNvNtCslkHat7m0FTk_14agent_registry4tests_12test_version
FNDA:1,_RNvNtCslkHat7m0FTk_14agent_registry4tests_15test_initialize
FNDA:1,_RNvNtCslkHat7m0FTk_14agent_registry4tests_16test_agent_count
FNDA:1,_RNvNtCslkHat7m0FTk_14agent_registry4tests_17test_update_agent
FNDA:1,_RNvNtCslkHat7m0FTk_14agent_registry4tests_19test_register_agent
FNDA:1,_RNvNtCslkHat7m0FTk_14agent_registry4tests_21test_deactivate_agent
FNDA:1,_RNvNtCslkHat7m0FTk_14agent_registry4tests_21test_update_not_found
FNDA:1,_RNvNtCslkHat7m0FTk_14agent_registry4tests_23test_upgrade_admin_only
FNDA:1,_RNvNtCslkHat7m0FTk_14agent_registry4tests_24test_get_agent_by_wallet
FNDA:1,_RNvNtCslkHat7m0FTk_14agent_registry4tests_24test_get_agent_not_found
FNDA:1,_RNvNtCslkHat7m0FTk_14agent_registry4tests_25test_deactivate_not_found
FNDA:1,_RNvNtCslkHat7m0FTk_14agent_registry4tests_25test_register_emits_event
FNDA:1,_RNvNtCslkHat7m0FTk_14agent_registry4tests_27test_initialize_double_init
FNDA:1,_RNvNtCslkHat7m0FTk_14agent_registry4tests_27test_register_auth_required
FNDA:1,_RNvNtCslkHat7m0FTk_14agent_registry4tests_29test_register_multiple_agents
FNDA:1,_RNvNtCslkHat7m0FTk_14agent_registry4tests_32test_register_already_registered
FNDA:1,_RNvNtCslkHat7m0FTk_14agent_registry4tests_34test_get_agent_by_wallet_not_found
FNDA:1,_RNvNtCslkHat7m0FTk_14agent_registry4tests_35test_deactivate_already_deactivated
FNDA:1,_RNvNtCslkHat7m0FTk_14agent_registry4tests_35test_register_invalid_name_too_long
FNDA:1,_RNvNtCslkHat7m0FTk_14agent_registry4tests_36test_register_invalid_name_too_short
FNF:23
FNH:23
DA:11,18
DA:12,18
DA:13,18
DA:14,18
DA:15,18
DA:16,18
DA:17,18
DA:18,18
DA:19,18
DA:22,13
DA:23,13
DA:24,13
DA:25,13
DA:26,13
DA:27,13
DA:29,13
DA:34,1
DA:35,1
DA:36,1
DA:37,1
DA:38,1
DA:39,1
DA:41,1
DA:42,1
DA:43,1
DA:47,1
DA:48,1
DA:49,1
DA:51,1
DA:52,1
DA:57,1
DA:58,1
DA:59,1
DA:61,1
DA:63,1
DA:64,1
DA:66,1
DA:67,1
DA:68,1
DA:69,1
DA:70,1
DA:71,1
DA:74,1
DA:75,1
DA:76,1
DA:77,1
DA:78,1
DA:80,1
DA:81,1
DA:82,1
DA:84,1
DA:85,1
DA:86,1
DA:87,1
DA:88,1
DA:92,1
DA:93,1
DA:94,1
DA:96,1
DA:98,1
DA:99,1
DA:103,1
DA:104,1
DA:105,1
DA:107,1
DA:108,1
DA:109,1
DA:110,1
DA:111,1
DA:113,1
DA:117,1
DA:118,1
DA:119,1
DA:122,1
DA:123,1
DA:124,1
DA:126,1
DA:127,1
DA:128,1
DA:129,1
DA:130,1
DA:132,1
DA:137,1
DA:138,1
DA:139,1
DA:140,1
DA:142,1
DA:143,1
DA:144,1
DA:145,1
DA:146,1
DA:149,1
DA:150,1
DA:151,1
DA:153,1
DA:155,1
DA:157,1
DA:160,1
DA:161,1
DA:165,1
DA:166,1
DA:167,1
DA:168,1
DA:169,1
DA:170,1
DA:171,1
DA:173,1
DA:178,1
DA:179,1
DA:180,1
DA:181,1
DA:183,1
DA:185,1
DA:186,1
DA:187,1
DA:191,1
DA:192,1
DA:193,1
DA:194,1
DA:198,1
DA:199,1
DA:200,1
DA:201,1
DA:203,1
DA:205,1
DA:206,1
DA:211,1
DA:212,1
DA:213,1
DA:214,1
DA:216,1
DA:217,1
DA:218,1
DA:219,1
DA:223,1
DA:224,1
DA:225,1
DA:226,1
DA:230,1
DA:231,1
DA:232,1
DA:233,1
DA:234,1
DA:239,1
DA:240,1
DA:241,1
DA:243,1
DA:244,1
DA:245,1
DA:247,1
DA:248,1
DA:249,1
DA:250,1
DA:255,1
DA:256,1
DA:257,1
DA:258,1
DA:264,1
DA:268,1
DA:269,1
DA:277,1
DA:278,1
DA:280,1
DA:281,1
DA:284,1
DA:285,1
DA:286,1
DA:295,1
DA:296,1
DA:297,1
DA:300,1
DA:301,1
DA:302,1
DA:305,1
DA:306,1
DA:312,1
DA:317,1
DA:318,1
DA:319,1
DA:321,1
DA:322,1
DA:327,1
DA:328,1
DA:329,1
DA:330,1
BRF:0
BRH:0
LF:186
LH:186
end_of_record
SF:contracts/contracts/agent-registry/src/types.rs
FN:4,_RNvXs6_NtCslkHat7m0FTk_14agent_registry5typesNtNtNtCs9inKp3UPYBZ_11stellar_xdr4curr9generated5ScValINtNtCs6sq8b9ugfBC_4core7convert7TryFromRNtB5_9AgentInfoE8try_from
FN:40,_RNvXsA_NtCslkHat7m0FTk_14agent_registry5typesNtNtNtCs9inKp3UPYBZ_11stellar_xdr4curr9generated5ScValINtNtCs6sq8b9ugfBC_4core7convert7TryFromRNtB5_7DataKeyE8try_from
FN:26,_RNvXsl_NtCslkHat7m0FTk_14agent_registry5typesNtNtNtCs9inKp3UPYBZ_11stellar_xdr4curr9generated5ScValINtNtCs6sq8b9ugfBC_4core7convert7TryFromRNtB5_11AgentStatusE8try_from
FNDA:0,_RNvXs6_NtCslkHat7m0FTk_14agent_registry5typesNtNtNtCs9inKp3UPYBZ_11stellar_xdr4curr9generated5ScValINtNtCs6sq8b9ugfBC_4core7convert7TryFromRNtB5_9AgentInfoE8try_from
FNDA:0,_RNvXsA_NtCslkHat7m0FTk_14agent_registry5typesNtNtNtCs9inKp3UPYBZ_11stellar_xdr4curr9generated5ScValINtNtCs6sq8b9ugfBC_4core7convert7TryFromRNtB5_7DataKeyE8try_from
FNDA:0,_RNvXsl_NtCslkHat7m0FTk_14agent_registry5typesNtNtNtCs9inKp3UPYBZ_11stellar_xdr4curr9generated5ScValINtNtCs6sq8b9ugfBC_4core7convert7TryFromRNtB5_11AgentStatusE8try_from
FNF:3
FNH:0
DA:4,0
DA:26,0
DA:40,0
BRF:0
BRH:0
LF:3
LH:0
end_of_record
SF:contracts/contracts/verification/src/events.rs
FN:32,_RNvNtCsf2iD1U5s8TL_12verification6events12emit_revoked
FN:23,_RNvNtCsf2iD1U5s8TL_12verification6events13emit_verified
FNDA:1,_RNvNtCsf2iD1U5s8TL_12verification6events12emit_revoked
FNDA:7,_RNvNtCsf2iD1U5s8TL_12verification6events13emit_verified
FNF:2
FNH:2
DA:23,7
DA:24,7
DA:25,7
DA:26,7
DA:27,7
DA:28,7
DA:29,7
DA:30,7
DA:32,1
DA:33,1
DA:34,1
BRF:0
BRH:0
LF:11
LH:11
end_of_record
SF:contracts/contracts/verification/src/lib.rs
FN:21,_RNvMs3_Csf2iD1U5s8TL_12verificationNtB5_20VerificationContract10initialize
FN:91,_RNvMs3_Csf2iD1U5s8TL_12verificationNtB5_20VerificationContract11is_verified
FN:46,_RNvMs3_Csf2iD1U5s8TL_12verificationNtB5_20VerificationContract12verify_agent
FN:98,_RNvMs3_Csf2iD1U5s8TL_12verificationNtB5_20VerificationContract16get_verification
FN:129,_RNvMs3_Csf2iD1U5s8TL_12verificationNtB5_20VerificationContract19get_total_collected
FN:103,_RNvMs3_Csf2iD1U5s8TL_12verificationNtB5_20VerificationContract19revoke_verification
FN:116,_RNvMs3_Csf2iD1U5s8TL_12verificationNtB5_20VerificationContract7set_fee
FN:134,_RNvMs3_Csf2iD1U5s8TL_12verificationNtB5_20VerificationContract7upgrade
FN:142,_RNvMs3_Csf2iD1U5s8TL_12verificationNtB5_20VerificationContract7version
FNDA:13,_RNvMs3_Csf2iD1U5s8TL_12verificationNtB5_20VerificationContract10initialize
FNDA:4,_RNvMs3_Csf2iD1U5s8TL_12verificationNtB5_20VerificationContract11is_verified
FNDA:9,_RNvMs3_Csf2iD1U5s8TL_12verificationNtB5_20VerificationContract12verify_agent
FNDA:4,_RNvMs3_Csf2iD1U5s8TL_12verificationNtB5_20VerificationContract16get_verification
FNDA:3,_RNvMs3_Csf2iD1U5s8TL_12verificationNtB5_20VerificationContract19get_total_collected
FNDA:2,_RNvMs3_Csf2iD1U5s8TL_12verificationNtB5_20VerificationContract19revoke_verification
FNDA:1,_RNvMs3_Csf2iD1U5s8TL_12verificationNtB5_20VerificationContract7set_fee
FNDA:0,_RNvMs3_Csf2iD1U5s8TL_12verificationNtB5_20VerificationContract7upgrade
FNDA:2,_RNvMs3_Csf2iD1U5s8TL_12verificationNtB5_20VerificationContract7version
FNF:9
FNH:8
DA:21,13
DA:22,13
DA:23,13
DA:24,13
DA:25,13
DA:26,13
DA:27,13
DA:28,13
DA:29,13
DA:30,1
DA:31,12
DA:32,12
DA:33,12
DA:34,12
DA:35,12
DA:36,12
DA:37,12
DA:38,12
DA:39,13
DA:46,9
DA:47,9
DA:48,9
DA:49,9
DA:50,9
DA:51,9
DA:52,9
DA:53,9
DA:56,9
DA:57,1
DA:58,1
DA:59,0
DA:60,8
DA:63,8
DA:64,5
DA:65,2
DA:66,1
DA:70,7
DA:71,7
DA:72,7
DA:73,7
DA:76,7
DA:77,7
DA:78,7
DA:79,7
DA:80,7
DA:81,7
DA:82,7
DA:83,7
DA:84,7
DA:86,7
DA:87,7
DA:88,9
DA:91,4
DA:92,4
DA:93,4
DA:94,4
DA:95,4
DA:98,4
DA:99,4
DA:100,4
DA:103,2
DA:104,2
DA:105,2
DA:107,2
DA:108,1
DA:109,1
DA:111,1
DA:112,1
DA:113,2
DA:116,1
DA:117,1
DA:118,1
DA:120,1
DA:121,1
DA:122,0
DA:123,0
DA:125,1
DA:126,1
DA:129,3
DA:130,3
DA:131,3
DA:134,0
DA:135,0
DA:136,0
DA:137,0
DA:138,0
DA:139,0
DA:142,2
DA:143,2
DA:144,2
BRF:0
BRH:0
LF:90
LH:81
end_of_record
SF:contracts/contracts/verification/src/storage.rs
FN:32,_RNvNtCsf2iD1U5s8TL_12verification7storage16has_verification
FN:55,_RNvNtCsf2iD1U5s8TL_12verification7storage12get_treasury
FN:62,_RNvNtCsf2iD1U5s8TL_12verification7storage12set_treasury
FN:79,_RNvNtCsf2iD1U5s8TL_12verification7storage13get_basic_fee
FN:66,_RNvNtCsf2iD1U5s8TL_12verification7storage13get_xlm_token
FN:86,_RNvNtCsf2iD1U5s8TL_12verification7storage13set_basic_fee
FN:73,_RNvNtCsf2iD1U5s8TL_12verification7storage13set_xlm_token
FN:51,_RNvNtCsf2iD1U5s8TL_12verification7storage14is_initialized
FN:90,_RNvNtCsf2iD1U5s8TL_12verification7storage15get_premium_fee
FN:97,_RNvNtCsf2iD1U5s8TL_12verification7storage15set_premium_fee
FN:10,_RNvNtCsf2iD1U5s8TL_12verification7storage16get_verification
FN:23,_RNvNtCsf2iD1U5s8TL_12verification7storage16set_verification
FN:108,_RNvNtCsf2iD1U5s8TL_12verification7storage19add_total_collected
FN:101,_RNvNtCsf2iD1U5s8TL_12verification7storage19get_total_collected
FN:40,_RNvNtCsf2iD1U5s8TL_12verification7storage9get_admin
FN:47,_RNvNtCsf2iD1U5s8TL_12verification7storage9set_admin
FNDA:0,_RNvNtCsf2iD1U5s8TL_12verification7storage16has_verification
FNDA:7,_RNvNtCsf2iD1U5s8TL_12verification7storage12get_treasury
FNDA:12,_RNvNtCsf2iD1U5s8TL_12verification7storage12set_treasury
FNDA:5,_RNvNtCsf2iD1U5s8TL_12verification7storage13get_basic_fee
FNDA:7,_RNvNtCsf2iD1U5s8TL_12verification7storage13get_xlm_token
FNDA:13,_RNvNtCsf2iD1U5s8TL_12verification7storage13set_basic_fee
FNDA:12,_RNvNtCsf2iD1U5s8TL_12verification7storage13set_xlm_token
FNDA:13,_RNvNtCsf2iD1U5s8TL_12verification7storage14is_initialized
FNDA:2,_RNvNtCsf2iD1U5s8TL_12verification7storage15get_premium_fee
FNDA:12,_RNvNtCsf2iD1U5s8TL_12verification7storage15set_premium_fee
FNDA:19,_RNvNtCsf2iD1U5s8TL_12verification7storage16get_verification
FNDA:8,_RNvNtCsf2iD1U5s8TL_12verification7storage16set_verification
FNDA:7,_RNvNtCsf2iD1U5s8TL_12verification7storage19add_total_collected
FNDA:10,_RNvNtCsf2iD1U5s8TL_12verification7storage19get_total_collected
FNDA:12,_RNvNtCsf2iD1U5s8TL_12verification7storage9get_admin
FNDA:12,_RNvNtCsf2iD1U5s8TL_12verification7storage9set_admin
FNF:16
FNH:15
DA:10,19
DA:11,19
DA:12,19
DA:13,19
DA:14,19
DA:15,19
DA:16,19
DA:17,9
DA:18,9
DA:19,9
DA:20,9
DA:21,19
DA:23,8
DA:24,8
DA:25,8
DA:26,8
DA:27,8
DA:28,8
DA:29,8
DA:32,0
DA:33,0
DA:34,0
DA:35,0
DA:36,0
DA:40,12
DA:41,12
DA:42,12
DA:43,12
DA:44,12
DA:45,12
DA:47,12
DA:48,12
DA:49,12
DA:51,13
DA:52,13
DA:53,13
DA:55,7
DA:56,7
DA:57,7
DA:58,7
DA:59,7
DA:60,7
DA:62,12
DA:63,12
DA:64,12
DA:66,7
DA:67,7
DA:68,7
DA:69,7
DA:70,7
DA:71,7
DA:73,12
DA:74,12
DA:75,12
DA:76,12
DA:77,12
DA:79,5
DA:80,5
DA:81,5
DA:82,5
DA:83,5
DA:84,5
DA:86,13
DA:87,13
DA:88,13
DA:90,2
DA:91,2
DA:92,2
DA:93,2
DA:94,2
DA:95,2
DA:97,12
DA:98,12
DA:99,12
DA:101,10
DA:102,10
DA:103,10
DA:104,10
DA:105,10
DA:106,10
DA:108,7
DA:109,7
DA:110,7
DA:111,7
DA:112,7
DA:113,7
BRF:0
BRH:0
LF:86
LH:81
end_of_record
SF:contracts/contracts/verification/src/test.rs
FN:12,_RNvNtCsf2iD1U5s8TL_12verification4test5setup
FN:42,_RNvNtCsf2iD1U5s8TL_12verification4test8fund_xlm
FN:171,_RNvNtCsf2iD1U5s8TL_12verification4tests_12test_set_fee
FN:206,_RNvNtCsf2iD1U5s8TL_12verification4tests_12test_version
FN:50,_RNvNtCsf2iD1U5s8TL_12verification4tests_15test_initialize
FN:137,_RNvNtCsf2iD1U5s8TL_12verification4tests_17test_not_verified
FN:114,_RNvNtCsf2iD1U5s8TL_12verification4tests_21test_already_verified
FN:68,_RNvNtCsf2iD1U5s8TL_12verification4tests_23test_verify_agent_basic
FN:163,_RNvNtCsf2iD1U5s8TL_12verification4tests_24test_revoke_not_verified
FN:145,_RNvNtCsf2iD1U5s8TL_12verification4tests_24test_revoke_verification
FN:126,_RNvNtCsf2iD1U5s8TL_12verification4tests_24test_verify_invalid_tier
FN:96,_RNvNtCsf2iD1U5s8TL_12verification4tests_25test_verify_agent_premium
FN:58,_RNvNtCsf2iD1U5s8TL_12verification4tests_27test_initialize_double_init
FN:189,_RNvNtCsf2iD1U5s8TL_12verification4tests_32test_total_collected_accumulates
FNDA:12,_RNvNtCsf2iD1U5s8TL_12verification4test5setup
FNDA:8,_RNvNtCsf2iD1U5s8TL_12verification4test8fund_xlm
FNDA:1,_RNvNtCsf2iD1U5s8TL_12verification4tests_12test_set_fee
FNDA:1,_RNvNtCsf2iD1U5s8TL_12verification4tests_12test_version
FNDA:1,_RNvNtCsf2iD1U5s8TL_12verification4tests_15test_initialize
FNDA:1,_RNvNtCsf2iD1U5s8TL_12verification4tests_17test_not_verified
FNDA:1,_RNvNtCsf2iD1U5s8TL_12verification4tests_21test_already_verified
FNDA:1,_RNvNtCsf2iD1U5s8TL_12verification4tests_23test_verify_agent_basic
FNDA:1,_RNvNtCsf2iD1U5s8TL_12verification4tests_24test_revoke_not_verified
FNDA:1,_RNvNtCsf2iD1U5s8TL_12verification4tests_24test_revoke_verification
FNDA:1,_RNvNtCsf2iD1U5s8TL_12verification4tests_24test_verify_invalid_tier
FNDA:1,_RNvNtCsf2iD1U5s8TL_12verification4tests_25test_verify_agent_premium
FNDA:1,_RNvNtCsf2iD1U5s8TL_12verification4tests_27test_initialize_double_init
FNDA:1,_RNvNtCsf2iD1U5s8TL_12verification4tests_32test_total_collected_accumulates
FNF:14
FNH:14
DA:12,12
DA:13,12
DA:14,12
DA:15,12
DA:16,12
DA:17,12
DA:18,12
DA:19,12
DA:20,12
DA:22,12
DA:23,12
DA:25,12
DA:26,12
DA:29,12
DA:30,12
DA:31,12
DA:33,12
DA:34,12
DA:36,12
DA:38,12
DA:39,12
DA:42,8
DA:43,8
DA:44,8
DA:45,8
DA:50,1
DA:51,1
DA:52,1
DA:53,1
DA:54,1
DA:58,1
DA:59,1
DA:60,1
DA:61,1
DA:62,1
DA:63,1
DA:68,1
DA:69,1
DA:70,1
DA:73,1
DA:75,1
DA:78,1
DA:79,1
DA:80,1
DA:81,1
DA:82,1
DA:83,1
DA:86,1
DA:87,1
DA:89,1
DA:92,1
DA:93,1
DA:96,1
DA:97,1
DA:98,1
DA:100,1
DA:102,1
DA:104,1
DA:105,1
DA:106,1
DA:108,1
DA:109,1
DA:110,1
DA:114,1
DA:115,1
DA:116,1
DA:117,1
DA:119,1
DA:121,1
DA:122,1
DA:126,1
DA:127,1
DA:128,1
DA:129,1
DA:131,1
DA:132,1
DA:137,1
DA:138,1
DA:139,1
DA:140,1
DA:145,1
DA:146,1
DA:147,1
DA:148,1
DA:150,1
DA:151,1
DA:153,1
DA:154,1
DA:157,1
DA:158,1
DA:159,1
DA:163,1
DA:164,1
DA:165,1
DA:166,1
DA:171,1
DA:172,1
DA:175,1
DA:178,1
DA:179,1
DA:180,1
DA:182,1
DA:183,1
DA:184,1
DA:189,1
DA:190,1
DA:192,1
DA:193,1
DA:194,1
DA:195,1
DA:197,1
DA:198,1
DA:200,1
DA:201,1
DA:206,1
DA:207,1
DA:208,1
DA:209,1
BRF:0
BRH:0
LF:118
LH:118
end_of_record
SF:contracts/contracts/verification/src/types.rs
FN:4,_RNvXs6_NtCsf2iD1U5s8TL_12verification5typesNtNtNtCs9inKp3UPYBZ_11stellar_xdr4curr9generated5ScValINtNtCs6sq8b9ugfBC_4core7convert7TryFromRNtB5_16VerificationInfoE8try_from
FN:24,_RNvXsA_NtCsf2iD1U5s8TL_12verification5typesNtNtNtCs9inKp3UPYBZ_11stellar_xdr4curr9generated5ScValINtNtCs6sq8b9ugfBC_4core7convert7TryFromRNtB5_9VerifyKeyE8try_from
FN:15,_RNvXsl_NtCsf2iD1U5s8TL_12verification5typesNtNtNtCs9inKp3UPYBZ_11stellar_xdr4curr9generated5ScValINtNtCs6sq8b9ugfBC_4core7convert7TryFromRNtB5_16VerificationTierE8try_from
FNDA:0,_RNvXs6_NtCsf2iD1U5s8TL_12verification5typesNtNtNtCs9inKp3UPYBZ_11stellar_xdr4curr9generated5ScValINtNtCs6sq8b9ugfBC_4core7convert7TryFromRNtB5_16VerificationInfoE8try_from
FNDA:0,_RNvXsA_NtCsf2iD1U5s8TL_12verification5typesNtNtNtCs9inKp3UPYBZ_11stellar_xdr4curr9generated5ScValINtNtCs6sq8b9ugfBC_4core7convert7TryFromRNtB5_9VerifyKeyE8try_from
FNDA:0,_RNvXsl_NtCsf2iD1U5s8TL_12verification5typesNtNtNtCs9inKp3UPYBZ_11stellar_xdr4curr9generated5ScValINtNtCs6sq8b9ugfBC_4core7convert7TryFromRNtB5_16VerificationTierE8try_from
FNF:3
FNH:0
DA:4,0
DA:15,0
DA:24,0
BRF:0
BRH:0
LF:3
LH:0
end_of_record